<?xml version="1.0" encoding="UTF-8"?>
<!-- Generated by org.testng.reporters.JUnitReportReporter -->
<testsuite hostname="Maszina" name="com.masteringselenium.BasicTestWD" tests="2" failures="0" timestamp="9 Feb 2016 20:19:22 GMT" time="18.630" errors="0">
  <testcase name="googleMilkExample" time="5.444" classname="com.masteringselenium.BasicTestWD"/>
  <testcase name="googleCheeseExample" time="13.186" classname="com.masteringselenium.BasicTestWD"/>
</testsuite> <!-- com.masteringselenium.BasicTestWD -->
