<?xml version="1.0" encoding="UTF-8"?>
<!-- Generated by org.testng.reporters.JUnitReportReporter -->
<testsuite hostname="Wojteks-MacBook.local" name="com.masteringselenium.BasicTestWD" tests="2" failures="0" timestamp="2 Feb 2016 18:15:29 GMT" time="34.565" errors="0">
  <testcase name="googleCheeseExample" time="17.242" classname="com.masteringselenium.BasicTestWD"/>
  <testcase name="googleMilkExample" time="17.323" classname="com.masteringselenium.BasicTestWD"/>
</testsuite> <!-- com.masteringselenium.BasicTestWD -->
