<?xml version="1.0" encoding="UTF-8"?>
<!-- Generated by org.testng.reporters.JUnitReportReporter -->
<testsuite hostname="Maszina" name="com.masteringselenium.BasicTestWD" tests="2" failures="0" timestamp="9 Feb 2016 20:26:16 GMT" time="20.700" errors="0">
  <testcase name="googleCheeseExample" time="13.955" classname="com.masteringselenium.BasicTestWD"/>
  <testcase name="googleMilkExample" time="6.745" classname="com.masteringselenium.BasicTestWD"/>
</testsuite> <!-- com.masteringselenium.BasicTestWD -->
